<?xml version="1.0" encoding="UTF-8"?>
<!-- Generated by org.testng.reporters.JUnitReportReporter -->
<testsuite hostname="DESKTOP-5DJG0VO" failures="0" tests="1" name="scripts.testCase2" time="12.898" errors="0" timestamp="2023-10-11T15:45:19 IST" skipped="0">
  <testcase classname="scripts.testCase2" name="tc2" time="12.898"/>
</testsuite> <!-- scripts.testCase2 -->
