<?xml version="1.0" encoding="UTF-8"?>
<!-- Generated by org.testng.reporters.JUnitReportReporter -->
<testsuite hostname="DESKTOP-5DJG0VO" failures="0" tests="1" name="scripts.testCase1" time="21.369" errors="0" timestamp="2023-10-12T15:37:11 IST" skipped="0">
  <testcase classname="scripts.testCase1" name="tc1" time="21.369"/>
</testsuite> <!-- scripts.testCase1 -->
